<?xml version="1.0" encoding="UTF-8"?>
<testsuite xmlns:xsi="http://www.w3.org/2001/XMLSchema-instance" xsi:noNamespaceSchemaLocation="https://maven.apache.org/surefire/maven-surefire-plugin/xsd/surefire-test-report-3.0.xsd" version="3.0" name="com.ProyectoVehiculos.app.ProyectoVehiculosApplicationTests" time="5.154" tests="1" errors="0" skipped="0" failures="0">
  <properties>
[...]
</properties>
  <testcase name="contextLoads" classname="com.ProyectoVehiculos.app.ProyectoVehiculosApplicationTests" time="1.173">
    <system-out><![CDATA[08:13:43.570 [main] INFO org.springframework.test.context.support.AnnotationConfigContextLoaderUtils -- Could not detect default configuration classes for test class [com.ProyectoVehiculos.app.ProyectoVehiculosApplicationTests]: ProyectoVehiculosApplicationTests does not declare any static, non-private, non-final, nested classes annotated with @Configuration.
08:13:43.697 [main] INFO org.springframework.boot.test.context.SpringBootTestContextBootstrapper -- Found @SpringBootConfiguration com.ProyectoVehiculos.app.ProyectoVehiculosApplication for test class com.ProyectoVehiculos.app.ProyectoVehiculosApplicationTests
08:13:43.895 [main] INFO org.springframework.boot.devtools.restart.RestartApplicationListener -- Restart disabled due to context in which it is running

  .   ____          _            __ _ _
 /\\ / ___'_ __ _ _(_)_ __  __ _ \ \ \ \
( ( )\___ | '_ | '_| | '_ \/ _` | \ \ \ \
 \\/  ___)| |_)| | | | | || (_| |  ) ) ) )
  '  |____| .__|_| |_|_| |_\__, | / / / /
 =========|_|==============|___/=/_/_/_/
 :: Spring Boot ::                (v3.2.5)

2024-06-04T08:13:44.180-05:00  INFO 2216 --- [           main] c.P.a.ProyectoVehiculosApplicationTests  : Starting ProyectoVehiculosApplicationTests using Java 17.0.10 with PID 2216 (started by SEBAS in C:\Users\SEBAS\Documents\Proyecto_Spring\proyecto_Vehiculos)
2024-06-04T08:13:44.182-05:00  INFO 2216 --- [           main] c.P.a.ProyectoVehiculosApplicationTests  : No active profile set, falling back to 1 default profile: "default"
2024-06-04T08:13:45.079-05:00  INFO 2216 --- [           main] .s.d.r.c.RepositoryConfigurationDelegate : Bootstrapping Spring Data MongoDB repositories in DEFAULT mode.
2024-06-04T08:13:45.163-05:00  INFO 2216 --- [           main] .s.d.r.c.RepositoryConfigurationDelegate : Finished Spring Data repository scanning in 78 ms. Found 4 MongoDB repository interfaces.
2024-06-04T08:13:45.975-05:00  INFO 2216 --- [cxu.mongodb.net] org.mongodb.driver.cluster               : Adding discovered server ac-wzoswbo-shard-00-02.bfpgcxu.mongodb.net:27017 to client view of cluster
2024-06-04T08:13:45.994-05:00  INFO 2216 --- [           main] org.mongodb.driver.client                : MongoClient with metadata {"driver": {"name": "mongo-java-driver|sync|spring-boot", "version": "4.11.2"}, "os": {"type": "Windows", "name": "Windows 11", "architecture": "amd64", "version": "10.0"}, "platform": "Java/Eclipse Adoptium/17.0.10+7"} created with settings MongoClientSettings{readPreference=primary, writeConcern=WriteConcern{w=null, wTimeout=null ms, journal=null}, retryWrites=true, retryReads=true, readConcern=ReadConcern{level=null}, credential=MongoCredential{mechanism=null, userName='sebasrodriguezcobos', source='admin', password=<hidden>, mechanismProperties=<hidden>}, transportSettings=null, streamFactoryFactory=null, commandListeners=[], codecRegistry=ProvidersCodecRegistry{codecProviders=[ValueCodecProvider{}, BsonValueCodecProvider{}, DBRefCodecProvider{}, DBObjectCodecProvider{}, DocumentCodecProvider{}, CollectionCodecProvider{}, IterableCodecProvider{}, MapCodecProvider{}, GeoJsonCodecProvider{}, GridFSFileCodecProvider{}, Jsr310CodecProvider{}, JsonObjectCodecProvider{}, BsonCodecProvider{}, EnumCodecProvider{}, com.mongodb.client.model.mql.ExpressionCodecProvider@2287395, com.mongodb.Jep395RecordCodecProvider@535a518c, com.mongodb.KotlinCodecProvider@38f981b6]}, loggerSettings=LoggerSettings{maxDocumentLength=1000}, clusterSettings={hosts=[127.0.0.1:27017], srvHost=dbaempresariales.bfpgcxu.mongodb.net, srvServiceName=mongodb, mode=MULTIPLE, requiredClusterType=REPLICA_SET, requiredReplicaSetName='atlas-dm4a8k-shard-0', serverSelector='null', clusterListeners='[]', serverSelectionTimeout='30000 ms', localThreshold='15 ms'}, socketSettings=SocketSettings{connectTimeoutMS=10000, readTimeoutMS=0, receiveBufferSize=0, proxySettings=ProxySettings{host=null, port=null, username=null, password=null}}, heartbeatSocketSettings=SocketSettings{connectTimeoutMS=10000, readTimeoutMS=10000, receiveBufferSize=0, proxySettings=ProxySettings{host=null, port=null, username=null, password=null}}, connectionPoolSettings=ConnectionPoolSettings{maxSize=100, minSize=0, maxWaitTimeMS=120000, maxConnectionLifeTimeMS=0, maxConnectionIdleTimeMS=0, maintenanceInitialDelayMS=0, maintenanceFrequencyMS=60000, connectionPoolListeners=[], maxConnecting=2}, serverSettings=ServerSettings{heartbeatFrequencyMS=10000, minHeartbeatFrequencyMS=500, serverListeners='[]', serverMonitorListeners='[]'}, sslSettings=SslSettings{enabled=true, invalidHostNameAllowed=false, context=null}, applicationName='null', compressorList=[], uuidRepresentation=JAVA_LEGACY, serverApi=null, autoEncryptionSettings=null, dnsClient=null, inetAddressResolver=null, contextProvider=null}
2024-06-04T08:13:46.015-05:00  INFO 2216 --- [cxu.mongodb.net] org.mongodb.driver.cluster               : Adding discovered server ac-wzoswbo-shard-00-00.bfpgcxu.mongodb.net:27017 to client view of cluster
2024-06-04T08:13:46.018-05:00  INFO 2216 --- [cxu.mongodb.net] org.mongodb.driver.cluster               : Adding discovered server ac-wzoswbo-shard-00-01.bfpgcxu.mongodb.net:27017 to client view of cluster
2024-06-04T08:13:46.848-05:00  INFO 2216 --- [           main] o.s.b.a.w.s.WelcomePageHandlerMapping    : Adding welcome page template: index
2024-06-04T08:13:47.017-05:00  INFO 2216 --- [ngodb.net:27017] org.mongodb.driver.cluster               : Monitor thread successfully connected to server with description ServerDescription{address=ac-wzoswbo-shard-00-00.bfpgcxu.mongodb.net:27017, type=REPLICA_SET_SECONDARY, state=CONNECTED, ok=true, minWireVersion=0, maxWireVersion=21, maxDocumentSize=16777216, logicalSessionTimeoutMinutes=30, roundTripTimeNanos=601426200, setName='atlas-dm4a8k-shard-0', canonicalAddress=ac-wzoswbo-shard-00-00.bfpgcxu.mongodb.net:27017, hosts=[ac-wzoswbo-shard-00-02.bfpgcxu.mongodb.net:27017, ac-wzoswbo-shard-00-00.bfpgcxu.mongodb.net:27017, ac-wzoswbo-shard-00-01.bfpgcxu.mongodb.net:27017], passives=[], arbiters=[], primary='ac-wzoswbo-shard-00-01.bfpgcxu.mongodb.net:27017', tagSet=TagSet{[Tag{name='availabilityZone', value='sae1-az1'}, Tag{name='diskState', value='READY'}, Tag{name='nodeType', value='ELECTABLE'}, Tag{name='provider', value='AWS'}, Tag{name='region', value='SA_EAST_1'}, Tag{name='workloadType', value='OPERATIONAL'}]}, electionId=null, setVersion=6, topologyVersion=TopologyVersion{processId=66560eef4573d5da85eea6cf, counter=4}, lastWriteDate=Tue Jun 04 08:13:47 COT 2024, lastUpdateTimeNanos=412173610450400}
2024-06-04T08:13:47.017-05:00  INFO 2216 --- [ngodb.net:27017] org.mongodb.driver.cluster               : Monitor thread successfully connected to server with description ServerDescription{address=ac-wzoswbo-shard-00-01.bfpgcxu.mongodb.net:27017, type=REPLICA_SET_PRIMARY, state=CONNECTED, ok=true, minWireVersion=0, maxWireVersion=21, maxDocumentSize=16777216, logicalSessionTimeoutMinutes=30, roundTripTimeNanos=601699200, setName='atlas-dm4a8k-shard-0', canonicalAddress=ac-wzoswbo-shard-00-01.bfpgcxu.mongodb.net:27017, hosts=[ac-wzoswbo-shard-00-02.bfpgcxu.mongodb.net:27017, ac-wzoswbo-shard-00-00.bfpgcxu.mongodb.net:27017, ac-wzoswbo-shard-00-01.bfpgcxu.mongodb.net:27017], passives=[], arbiters=[], primary='ac-wzoswbo-shard-00-01.bfpgcxu.mongodb.net:27017', tagSet=TagSet{[Tag{name='availabilityZone', value='sae1-az3'}, Tag{name='diskState', value='READY'}, Tag{name='nodeType', value='ELECTABLE'}, Tag{name='provider', value='AWS'}, Tag{name='region', value='SA_EAST_1'}, Tag{name='workloadType', value='OPERATIONAL'}]}, electionId=7fffffff000000000000005f, setVersion=6, topologyVersion=TopologyVersion{processId=66560f411342c4f1bf49b470, counter=6}, lastWriteDate=Tue Jun 04 08:13:47 COT 2024, lastUpdateTimeNanos=412173610659800}
2024-06-04T08:13:47.018-05:00  INFO 2216 --- [ngodb.net:27017] org.mongodb.driver.cluster               : Monitor thread successfully connected to server with description ServerDescription{address=ac-wzoswbo-shard-00-02.bfpgcxu.mongodb.net:27017, type=REPLICA_SET_SECONDARY, state=CONNECTED, ok=true, minWireVersion=0, maxWireVersion=21, maxDocumentSize=16777216, logicalSessionTimeoutMinutes=30, roundTripTimeNanos=601761400, setName='atlas-dm4a8k-shard-0', canonicalAddress=ac-wzoswbo-shard-00-02.bfpgcxu.mongodb.net:27017, hosts=[ac-wzoswbo-shard-00-02.bfpgcxu.mongodb.net:27017, ac-wzoswbo-shard-00-00.bfpgcxu.mongodb.net:27017, ac-wzoswbo-shard-00-01.bfpgcxu.mongodb.net:27017], passives=[], arbiters=[], primary='ac-wzoswbo-shard-00-01.bfpgcxu.mongodb.net:27017', tagSet=TagSet{[Tag{name='availabilityZone', value='sae1-az2'}, Tag{name='diskState', value='READY'}, Tag{name='nodeType', value='ELECTABLE'}, Tag{name='provider', value='AWS'}, Tag{name='region', value='SA_EAST_1'}, Tag{name='workloadType', value='OPERATIONAL'}]}, electionId=null, setVersion=6, topologyVersion=TopologyVersion{processId=66560f94e99b3de471e2bfa4, counter=3}, lastWriteDate=Tue Jun 04 08:13:47 COT 2024, lastUpdateTimeNanos=412173610720800}
2024-06-04T08:13:47.022-05:00  INFO 2216 --- [ngodb.net:27017] org.mongodb.driver.cluster               : Discovered replica set primary ac-wzoswbo-shard-00-01.bfpgcxu.mongodb.net:27017 with max election id 7fffffff000000000000005f and max set version 6
2024-06-04T08:13:47.325-05:00  INFO 2216 --- [           main] c.P.a.ProyectoVehiculosApplicationTests  : Started ProyectoVehiculosApplicationTests in 3.443 seconds (process running for 5.05)
]]></system-out>
  </testcase>
</testsuite>